3.2.2025, 21:42:28 - INFO - Server ready at port 3030
3.2.2025, 21:44:15 - INFO - Server ready at port 3030
3.2.2025, 21:56:32 - ERROR - couldnt get bughhhError: Bad bug id
3.2.2025, 21:56:32 - ERROR - Error in /api/bug/:bugId: | Error: Bad bug id
4.2.2025, 21:17:37 - INFO - Server ready at port 3030
4.2.2025, 21:20:02 - INFO - Server ready at port 3030
4.2.2025, 21:23:21 - INFO - Server ready at port 3030
4.2.2025, 21:29:24 - INFO - Server ready at port 3030
4.2.2025, 21:30:03 - INFO - Server ready at port 3030
4.2.2025, 21:31:09 - INFO - Server ready at port 3030
4.2.2025, 21:31:15 - INFO - Server ready at port 3030
4.2.2025, 21:31:15 - INFO - Server ready at port 3030
4.2.2025, 21:31:16 - INFO - Server ready at port 3030
4.2.2025, 21:32:39 - INFO - Server ready at port 3030
4.2.2025, 21:32:42 - INFO - Server ready at port 3030
4.2.2025, 22:10:15 - INFO - Server ready at port 3030
4.2.2025, 22:11:02 - INFO - Server ready at port 3030
4.2.2025, 22:11:03 - INFO - Server ready at port 3030
4.2.2025, 22:11:34 - INFO - Server ready at port 3030
11.2.2025, 22:26:13 - INFO - Server ready at port 3030
11.2.2025, 22:26:18 - INFO - Server ready at port 3030
11.2.2025, 22:33:46 - INFO - Server ready at port 3030
11.2.2025, 22:36:51 - INFO - Server ready at port 3030
11.2.2025, 22:37:18 - INFO - Server ready at port 3030
11.2.2025, 22:39:34 - INFO - Server ready at port 3030
11.2.2025, 22:39:50 - INFO - Server ready at port 3030
11.2.2025, 22:40:02 - INFO - Server ready at port 3030
11.2.2025, 22:40:05 - INFO - Server ready at port 3030
11.2.2025, 22:40:11 - INFO - Server ready at port 3030
11.2.2025, 22:40:24 - INFO - Server ready at port 3030
11.2.2025, 22:44:30 - INFO - Server ready at port 3333
11.2.2025, 22:44:40 - INFO - Server ready at port 3333
11.2.2025, 22:45:58 - INFO - Server ready at port 3333
11.2.2025, 22:46:04 - INFO - Server ready at port 3333
11.2.2025, 22:47:24 - INFO - Server ready at port 3333
11.2.2025, 22:50:23 - INFO - Server ready at port 3333
11.2.2025, 22:56:40 - INFO - Server ready at port 3333
11.2.2025, 22:56:41 - INFO - Server ready at port 3333
11.2.2025, 22:57:32 - INFO - Server ready at port 3333
11.2.2025, 22:58:14 - INFO - Server ready at port 3333
11.2.2025, 22:58:25 - INFO - Server ready at port 3333
11.2.2025, 22:58:32 - INFO - Server ready at port 3333
11.2.2025, 22:58:45 - INFO - Server ready at port 3333
11.2.2025, 22:59:07 - INFO - Server ready at port 3333
11.2.2025, 23:00:12 - INFO - Server ready at port 3333
11.2.2025, 23:00:18 - INFO - Server ready at port 3333
11.2.2025, 23:05:09 - INFO - Server ready at port 3333
11.2.2025, 23:06:00 - INFO - Server ready at port 3333
11.2.2025, 23:06:11 - INFO - Server ready at port 3333
11.2.2025, 23:08:02 - INFO - Server ready at port 3333
11.2.2025, 23:08:03 - INFO - Server ready at port 3333
11.2.2025, 23:08:08 - ERROR - Cannot add bug | ReferenceError: labels is not defined
    at addBug (file:///D:/%D7%90%D7%A4%D7%99%D7%A7/%D7%90%D7%A4%D7%99%D7%A7%20%D7%9E%D7%AA%D7%9B%D7%A0%D7%AA/Coding%20Academy/Day09-NodeExpress/Afik-miss-bug/bugs-backend/api/bug/bug.controller.js:29:45)
    at Layer.handle [as handle_request] (D:\אפיק\אפיק מתכנת\Coding Academy\Day09-NodeExpress\Afik-miss-bug\bugs-backend\node_modules\express\lib\router\layer.js:95:5)
    at next (D:\אפיק\אפיק מתכנת\Coding Academy\Day09-NodeExpress\Afik-miss-bug\bugs-backend\node_modules\express\lib\router\route.js:149:13)
    at Route.dispatch (D:\אפיק\אפיק מתכנת\Coding Academy\Day09-NodeExpress\Afik-miss-bug\bugs-backend\node_modules\express\lib\router\route.js:119:3)
    at Layer.handle [as handle_request] (D:\אפיק\אפיק מתכנת\Coding Academy\Day09-NodeExpress\Afik-miss-bug\bugs-backend\node_modules\express\lib\router\layer.js:95:5)
    at D:\אפיק\אפיק מתכנת\Coding Academy\Day09-NodeExpress\Afik-miss-bug\bugs-backend\node_modules\express\lib\router\index.js:284:15
    at Function.process_params (D:\אפיק\אפיק מתכנת\Coding Academy\Day09-NodeExpress\Afik-miss-bug\bugs-backend\node_modules\express\lib\router\index.js:346:12)
    at next (D:\אפיק\אפיק מתכנת\Coding Academy\Day09-NodeExpress\Afik-miss-bug\bugs-backend\node_modules\express\lib\router\index.js:280:10)
    at Function.handle (D:\אפיק\אפיק מתכנת\Coding Academy\Day09-NodeExpress\Afik-miss-bug\bugs-backend\node_modules\express\lib\router\index.js:175:3)
    at router (D:\אפיק\אפיק מתכנת\Coding Academy\Day09-NodeExpress\Afik-miss-bug\bugs-backend\node_modules\express\lib\router\index.js:47:12)
11.2.2025, 23:09:06 - INFO - Server ready at port 3333
11.2.2025, 23:09:14 - INFO - Server ready at port 3333
11.2.2025, 23:09:23 - INFO - Server ready at port 3333
11.2.2025, 23:09:30 - INFO - Server ready at port 3333
11.2.2025, 23:09:45 - INFO - Server ready at port 3333
11.2.2025, 23:11:15 - INFO - Server ready at port 3333
11.2.2025, 23:11:15 - INFO - Server ready at port 3333
11.2.2025, 23:11:15 - INFO - Server ready at port 3333
11.2.2025, 23:11:22 - INFO - Server ready at port 3333
11.2.2025, 23:13:44 - INFO - Server ready at port 3333
11.2.2025, 23:13:56 - INFO - Server ready at port 3333
11.2.2025, 23:14:01 - INFO - Server ready at port 3333
11.2.2025, 23:14:12 - INFO - Server ready at port 3333
11.2.2025, 23:14:15 - INFO - Server ready at port 3333
11.2.2025, 23:14:20 - INFO - Server ready at port 3333
12.2.2025, 11:26:18 - INFO - Server ready at port 3333
12.2.2025, 12:29:37 - INFO - Server ready at port 3333
12.2.2025, 13:35:49 - INFO - Server ready at port 3333
12.2.2025, 13:40:45 - INFO - Server ready at port 3333
12.2.2025, 13:41:14 - INFO - Server ready at port 3333
12.2.2025, 13:41:20 - INFO - Server ready at port 3333
12.2.2025, 13:41:35 - INFO - Server ready at port 3333
12.2.2025, 13:43:15 - INFO - Server ready at port 3333
12.2.2025, 13:43:56 - INFO - Server ready at port 3333
12.2.2025, 13:44:11 - INFO - Server ready at port 3333
12.2.2025, 13:44:17 - INFO - Server ready at port 3333
12.2.2025, 13:44:31 - INFO - Server ready at port 3333
12.2.2025, 13:44:47 - INFO - Server ready at port 3333
12.2.2025, 13:45:10 - INFO - Server ready at port 3333
12.2.2025, 13:46:01 - INFO - Server ready at port 3333
12.2.2025, 13:46:46 - INFO - Server ready at port 3333
12.2.2025, 13:47:00 - INFO - Server ready at port 3333
12.2.2025, 13:47:03 - INFO - Server ready at port 3333
12.2.2025, 13:47:09 - INFO - Server ready at port 3333
12.2.2025, 13:47:21 - INFO - Server ready at port 3333
12.2.2025, 13:47:55 - INFO - Server ready at port 3333
12.2.2025, 13:48:10 - INFO - Server ready at port 3333
12.2.2025, 13:48:32 - INFO - Server ready at port 3333
12.2.2025, 13:49:02 - INFO - Server ready at port 3333
12.2.2025, 13:49:48 - INFO - Server ready at port 3333
